c:\study_ssd\graphics\opengltemplate\opengltemplate\debug\vc140.pdb
c:\study_ssd\graphics\opengltemplate\opengltemplate\debug\vc140.idb
c:\study_ssd\graphics\opengltemplate\opengltemplate\debug\main.obj
c:\study_ssd\graphics\opengltemplate\opengltemplate\debug\firsttriangle.obj
c:\study_ssd\graphics\opengltemplate\opengltemplate\debug\openglpch.obj
c:\study_ssd\graphics\opengltemplate\debug\opengltemplate.pdb
c:\study_ssd\graphics\opengltemplate\opengltemplate\debug\opengltemplate.tlog\cl.command.1.tlog
c:\study_ssd\graphics\opengltemplate\opengltemplate\debug\opengltemplate.tlog\cl.read.1.tlog
c:\study_ssd\graphics\opengltemplate\opengltemplate\debug\opengltemplate.tlog\cl.write.1.tlog
c:\study_ssd\graphics\opengltemplate\opengltemplate\debug\opengltemplate.tlog\link-cvtres.read.1.tlog
c:\study_ssd\graphics\opengltemplate\opengltemplate\debug\opengltemplate.tlog\link-cvtres.write.1.tlog
c:\study_ssd\graphics\opengltemplate\opengltemplate\debug\opengltemplate.tlog\link-rc.read.1.tlog
c:\study_ssd\graphics\opengltemplate\opengltemplate\debug\opengltemplate.tlog\link-rc.write.1.tlog
c:\study_ssd\graphics\opengltemplate\opengltemplate\debug\opengltemplate.tlog\link.3148-cvtres.read.1.tlog
c:\study_ssd\graphics\opengltemplate\opengltemplate\debug\opengltemplate.tlog\link.3148-cvtres.write.1.tlog
c:\study_ssd\graphics\opengltemplate\opengltemplate\debug\opengltemplate.tlog\link.3148-rc.read.1.tlog
c:\study_ssd\graphics\opengltemplate\opengltemplate\debug\opengltemplate.tlog\link.3148-rc.write.1.tlog
c:\study_ssd\graphics\opengltemplate\opengltemplate\debug\opengltemplate.tlog\link.3148.read.1.tlog
c:\study_ssd\graphics\opengltemplate\opengltemplate\debug\opengltemplate.tlog\link.3148.write.1.tlog
c:\study_ssd\graphics\opengltemplate\opengltemplate\debug\opengltemplate.tlog\link.command.1.tlog
c:\study_ssd\graphics\opengltemplate\opengltemplate\debug\opengltemplate.tlog\link.read.1.tlog
c:\study_ssd\graphics\opengltemplate\opengltemplate\debug\opengltemplate.tlog\link.write.1.tlog
