  Camera.cpp
d:\study\graphics\projects\opengl_framework\openglengine\src\core\openglpch.h(13): fatal error C1083: Cannot open include file: 'GL/glew.h': No such file or directory
  ProspectiveCamera.cpp
d:\study\graphics\projects\opengl_framework\openglengine\src\core\openglpch.h(13): fatal error C1083: Cannot open include file: 'GL/glew.h': No such file or directory
  ShaderCompiler.cpp
d:\study\graphics\projects\opengl_framework\openglengine\src\core\openglpch.h(13): fatal error C1083: Cannot open include file: 'GL/glew.h': No such file or directory
  OpenGLContext.cpp
d:\study\graphics\projects\opengl_framework\openglengine\src\core\openglpch.h(13): fatal error C1083: Cannot open include file: 'GL/glew.h': No such file or directory
  Scene.cpp
d:\study\graphics\projects\opengl_framework\openglengine\src\core\openglpch.h(13): fatal error C1083: Cannot open include file: 'GL/glew.h': No such file or directory
  Setting.cpp
  OpenGLPCH.cpp
d:\study\graphics\projects\opengl_framework\openglengine\src\core\openglpch.h(13): fatal error C1083: Cannot open include file: 'GL/glew.h': No such file or directory
  Utility.cpp
  DirectionalLight.cpp
d:\study\graphics\projects\opengl_framework\openglengine\src\core\openglpch.h(13): fatal error C1083: Cannot open include file: 'GL/glew.h': No such file or directory
  Light.cpp
d:\study\graphics\projects\opengl_framework\openglengine\src\core\openglpch.h(13): fatal error C1083: Cannot open include file: 'GL/glew.h': No such file or directory
  PointLight.cpp
d:\study\graphics\projects\opengl_framework\openglengine\src\core\openglpch.h(13): fatal error C1083: Cannot open include file: 'GL/glew.h': No such file or directory
  SpotLight.cpp
d:\study\graphics\projects\opengl_framework\openglengine\src\core\openglpch.h(13): fatal error C1083: Cannot open include file: 'GL/glew.h': No such file or directory
  MemoryPool.cpp
  VertexBuffer.cpp
  Mesh.cpp
d:\study\graphics\projects\opengl_framework\openglengine\src\core\openglpch.h(13): fatal error C1083: Cannot open include file: 'GL/glew.h': No such file or directory
  ModelLoaderBase.cpp
d:\study\graphics\projects\opengl_framework\openglengine\src\core\openglpch.h(13): fatal error C1083: Cannot open include file: 'GL/glew.h': No such file or directory
  ObjModelLoader.cpp
d:\study\graphics\projects\opengl_framework\openglengine\src\core\openglpch.h(13): fatal error C1083: Cannot open include file: 'GL/glew.h': No such file or directory
  Model.cpp
d:\study\graphics\projects\opengl_framework\openglengine\src\core\openglpch.h(13): fatal error C1083: Cannot open include file: 'GL/glew.h': No such file or directory
  Generating Code...
